<?xml version="1.0" encoding="UTF-8"?>
<!-- Generated by org.testng.reporters.JUnitReportReporter -->
<testsuite hostname="COGNINE-L165" failures="0" tests="1" name="pojo.POJOObjectJSONPutRequest" time="1.370" errors="0" timestamp="2024-01-10T05:25:57 IST" skipped="0">
  <testcase classname="pojo.POJOObjectJSONPutRequest" name="updatePlaceTest" time="1.370"/>
</testsuite> <!-- pojo.POJOObjectJSONPutRequest -->
