<?xml version="1.0" encoding="UTF-8"?>
<!-- Generated by org.testng.reporters.JUnitReportReporter -->
<testsuite hostname="COGNINE-L165" failures="0" tests="1" name="advanced.UsingResponseSpecification" time="0.804" errors="0" timestamp="2024-05-25T08:20:07 IST" skipped="0">
  <testcase classname="advanced.UsingResponseSpecification" name="addPlace" time="0.804"/>
</testsuite> <!-- advanced.UsingResponseSpecification -->
