<?xml version="1.0" encoding="UTF-8"?>
<!-- Generated by org.testng.reporters.JUnitReportReporter -->
<testsuite hostname="COGNINE-L165" failures="0" tests="1" name="intermediate.CreatingJSONArrayRequestBodyUsingList" time="0.136" errors="0" timestamp="2024-02-02T04:03:20 IST" skipped="0">
  <testcase classname="intermediate.CreatingJSONArrayRequestBodyUsingList" name="createJsonArrayRequestBody" time="0.136"/>
</testsuite> <!-- intermediate.CreatingJSONArrayRequestBodyUsingList -->
