<?xml version="1.0" encoding="UTF-8"?>
<!-- Generated by org.testng.reporters.JUnitReportReporter -->
<testsuite hostname="COGNINE-L165" failures="0" tests="1" name="advanced.JSONPathforObject" time="0.877" errors="0" timestamp="2024-05-26T07:14:01 IST" skipped="0">
  <testcase classname="advanced.JSONPathforObject" name="testNestedJsonObject" time="0.877"/>
</testsuite> <!-- advanced.JSONPathforObject -->
