<?xml version="1.0" encoding="UTF-8"?>
<!-- Generated by org.testng.reporters.JUnitReportReporter -->
<testsuite hostname="COGNINE-L165" failures="0" tests="1" name="Request.GetRequest" time="2.216" errors="0" timestamp="2023-11-03T15:47:53 IST" skipped="0">
  <testcase classname="Request.GetRequest" name="testGetPlace" time="2.216"/>
</testsuite> <!-- Request.GetRequest -->
