<?xml version="1.0" encoding="UTF-8"?>
<!-- Generated by org.testng.reporters.JUnitReportReporter -->
<testsuite hostname="COGNINE-L165" failures="0" tests="1" name="intermediate.CreatingJSONObjectRequestBodyUsingJavaMap" time="2.077" errors="0" timestamp="2024-01-10T14:59:53 IST" skipped="0">
  <testcase classname="intermediate.CreatingJSONObjectRequestBodyUsingJavaMap" name="createJsonObjectRequestBody" time="2.077"/>
</testsuite> <!-- intermediate.CreatingJSONObjectRequestBodyUsingJavaMap -->
