<?xml version="1.0" encoding="UTF-8"?>
<!-- Generated by org.testng.reporters.JUnitReportReporter -->
<testsuite hostname="COGNINE-L165" failures="0" tests="1" name="pojo.JSONIncludeIgnoreDefaultNullValue" time="1.424" errors="0" timestamp="2024-01-09T19:15:46 IST" skipped="0">
  <testcase classname="pojo.JSONIncludeIgnoreDefaultNullValue" name="testPutPlace" time="1.424"/>
</testsuite> <!-- pojo.JSONIncludeIgnoreDefaultNullValue -->
