<?xml version="1.0" encoding="UTF-8"?>
<!-- Generated by org.testng.reporters.JUnitReportReporter -->
<testsuite hostname="COGNINE-L165" failures="0" tests="1" name="advanced.ResponseSpecBuilderExampleBuilderPattern" time="0.855" errors="0" timestamp="2024-05-25T08:25:35 IST" skipped="0">
  <testcase classname="advanced.ResponseSpecBuilderExampleBuilderPattern" name="addPlace" time="0.855"/>
</testsuite> <!-- advanced.ResponseSpecBuilderExampleBuilderPattern -->
