<?xml version="1.0" encoding="UTF-8"?>
<!-- Generated by org.testng.reporters.JUnitReportReporter -->
<testsuite hostname="COGNINE-L165" failures="0" tests="1" name="storeTheJSONData.RestAssuredStoreJSON" time="1.205" errors="0" timestamp="2024-01-09T19:21:28 IST" skipped="0">
  <testcase classname="storeTheJSONData.RestAssuredStoreJSON" name="addPlaceTest" time="1.205"/>
</testsuite> <!-- storeTheJSONData.RestAssuredStoreJSON -->
