<?xml version="1.0" encoding="UTF-8"?>
<!-- Generated by org.testng.reporters.JUnitReportReporter -->
<testsuite hostname="COGNINE-L165" failures="0" tests="1" name="advanced.GetAllKeysFromJsonObject" time="0.151" errors="0" timestamp="2024-06-05T14:46:14 IST" skipped="0">
  <testcase classname="advanced.GetAllKeysFromJsonObject" name="getAllKeysFromJsonObjectUsingObjectMapper" time="0.151"/>
</testsuite> <!-- advanced.GetAllKeysFromJsonObject -->
