<?xml version="1.0" encoding="UTF-8"?>
<!-- Generated by org.testng.reporters.JUnitReportReporter -->
<testsuite hostname="COGNINE-L165" failures="0" tests="1" name="advanced.UsingPathANSInlineParametersInRestAssured" time="1.357" errors="0" timestamp="2024-05-26T08:06:29 IST" skipped="0">
  <testcase classname="advanced.UsingPathANSInlineParametersInRestAssured" name="testWithPathParameter" time="1.357"/>
</testsuite> <!-- advanced.UsingPathANSInlineParametersInRestAssured -->
