<?xml version="1.0" encoding="UTF-8"?>
<!-- Generated by org.testng.reporters.JUnitReportReporter -->
<testsuite hostname="COGNINE-L165" failures="0" tests="1" name="advanced.AssertFullResponseBody" time="2.505" errors="0" timestamp="2024-06-09T07:02:08 IST" skipped="0">
  <testcase classname="advanced.AssertFullResponseBody" name="testAddPlace" time="2.505"/>
</testsuite> <!-- advanced.AssertFullResponseBody -->
