<?xml version="1.0" encoding="UTF-8"?>
<!-- Generated by org.testng.reporters.JUnitReportReporter -->
<testsuite hostname="COGNINE-L165" failures="0" tests="4" name="encapsulation.RestAssuredTest" time="4.026" errors="0" timestamp="2023-11-06T14:10:30 IST" skipped="0">
  <testcase classname="encapsulation.RestAssuredTest" name="testAddPlace" time="1.517"/>
  <testcase classname="encapsulation.RestAssuredTest" name="testGetPlace" time="0.695"/>
  <testcase classname="encapsulation.RestAssuredTest" name="testUpdatePlace" time="0.864"/>
  <testcase classname="encapsulation.RestAssuredTest" name="testDeletePlace" time="0.950"/>
</testsuite> <!-- encapsulation.RestAssuredTest -->
