<?xml version="1.0" encoding="UTF-8"?>
<!-- Generated by org.testng.reporters.JUnitReportReporter -->
<testsuite hostname="COGNINE-L165" failures="0" tests="1" name="requestSpecification.ReqnResponseSpecification" time="0.875" errors="0" timestamp="2024-01-09T19:21:14 IST" skipped="0">
  <testcase classname="requestSpecification.ReqnResponseSpecification" name="addPlace" time="0.875"/>
</testsuite> <!-- requestSpecification.ReqnResponseSpecification -->
