<?xml version="1.0" encoding="UTF-8"?>
<!-- Generated by org.testng.reporters.JUnitReportReporter -->
<testsuite hostname="COGNINE-L165" failures="0" tests="1" name="advanced.CompareJsonObjectsUsingRestAssured" time="2.387" errors="0" timestamp="2024-05-28T12:58:10 IST" skipped="0">
  <testcase classname="advanced.CompareJsonObjectsUsingRestAssured" name="testCompareJsonObjects" time="2.387"/>
</testsuite> <!-- advanced.CompareJsonObjectsUsingRestAssured -->
