<?xml version="1.0" encoding="UTF-8"?>
<!-- Generated by org.testng.reporters.JUnitReportReporter -->
<testsuite hostname="COGNINE-L165" failures="0" tests="1" name="advanced.CompareJSONStrictMode" time="0.017" errors="0" timestamp="2024-05-26T20:44:31 IST" skipped="0">
  <testcase classname="advanced.CompareJSONStrictMode" name="testCompareJsonObjects" time="0.017"/>
</testsuite> <!-- advanced.CompareJSONStrictMode -->
