<?xml version="1.0" encoding="UTF-8"?>
<!-- Generated by org.testng.reporters.JUnitReportReporter -->
<testsuite hostname="COGNINE-L165" failures="0" tests="1" name="advanced.JSONPathForNestedArray" time="0.944" errors="0" timestamp="2024-05-26T07:26:44 IST" skipped="0">
  <testcase classname="advanced.JSONPathForNestedArray" name="testNestedJsonArray" time="0.944"/>
</testsuite> <!-- advanced.JSONPathForNestedArray -->
