<?xml version="1.0" encoding="UTF-8"?>
<!-- Generated by org.testng.reporters.JUnitReportReporter -->
<testsuite hostname="COGNINE-L165" failures="0" tests="1" name="requestSpecification.AnotherWayOfCallingReqSpecif" time="0.940" errors="0" timestamp="2024-01-09T19:17:40 IST" skipped="0">
  <testcase classname="requestSpecification.AnotherWayOfCallingReqSpecif" name="addPlace" time="0.940"/>
</testsuite> <!-- requestSpecification.AnotherWayOfCallingReqSpecif -->
