<?xml version="1.0" encoding="UTF-8"?>
<!-- Generated by org.testng.reporters.JUnitReportReporter -->
<testsuite hostname="COGNINE-L165" failures="0" tests="1" name="intermediate.CreateArrayNode" time="1.074" errors="0" timestamp="2024-02-13T12:10:17 IST" skipped="0">
  <testcase classname="intermediate.CreateArrayNode" name="arrayNodeTest" time="1.074"/>
</testsuite> <!-- intermediate.CreateArrayNode -->
