<?xml version="1.0" encoding="UTF-8"?>
<!-- Generated by org.testng.reporters.JUnitReportReporter -->
<testsuite hostname="COGNINE-L165" failures="0" tests="1" name="tests.GetTest" time="1.551" errors="0" timestamp="2023-11-02T16:44:50 IST" skipped="0">
  <testcase classname="tests.GetTest" name="get_test" time="1.551"/>
</testsuite> <!-- tests.GetTest -->
