<?xml version="1.0" encoding="UTF-8"?>
<!-- Generated by org.testng.reporters.JUnitReportReporter -->
<testsuite hostname="COGNINE-L165" failures="0" tests="1" name="pojo.Serialization" time="2.134" errors="0" timestamp="2024-01-02T14:54:47 IST" skipped="0">
  <testcase classname="pojo.Serialization" name="testRequest" time="2.134"/>
</testsuite> <!-- pojo.Serialization -->
