<?xml version="1.0" encoding="UTF-8"?>
<!-- Generated by org.testng.reporters.JUnitReportReporter -->
<testsuite hostname="COGNINE-L165" failures="0" tests="1" name="intermediate.JavaObjectAsPayloadExample" time="1.929" errors="0" timestamp="2024-01-09T19:17:23 IST" skipped="0">
  <testcase classname="intermediate.JavaObjectAsPayloadExample" name="postRequestUsingJavaObjectPayload" time="1.929"/>
</testsuite> <!-- intermediate.JavaObjectAsPayloadExample -->
