<?xml version="1.0" encoding="UTF-8"?>
<!-- Generated by org.testng.reporters.JUnitReportReporter -->
<testsuite hostname="COGNINE-L165" failures="0" tests="1" name="pojo.JSONIncludeIgnoreDefaultValue" time="1.428" errors="0" timestamp="2024-01-03T14:32:07 IST" skipped="0">
  <testcase classname="pojo.JSONIncludeIgnoreDefaultValue" name="testPutPlace" time="1.428"/>
</testsuite> <!-- pojo.JSONIncludeIgnoreDefaultValue -->
