<?xml version="1.0" encoding="UTF-8"?>
<!-- Generated by org.testng.reporters.JUnitReportReporter -->
<testsuite hostname="COGNINE-L165" failures="0" tests="1" name="pojo.POJOARRAYJSONAddArrayrequest" time="3.893" errors="0" timestamp="2024-01-10T14:39:15 IST" skipped="0">
  <testcase classname="pojo.POJOARRAYJSONAddArrayrequest" name="updatePlaces" time="3.893"/>
</testsuite> <!-- pojo.POJOARRAYJSONAddArrayrequest -->
