<?xml version="1.0" encoding="UTF-8"?>
<!-- Generated by org.testng.reporters.JUnitReportReporter -->
<testsuite hostname="COGNINE-L165" failures="0" tests="1" name="inheritanceImplementation.RestAssuredTest" time="3.894" errors="0" timestamp="2023-11-06T15:04:21 IST" skipped="0">
  <testcase classname="inheritanceImplementation.RestAssuredTest" name="testRestAssured" time="3.894"/>
</testsuite> <!-- inheritanceImplementation.RestAssuredTest -->
