<?xml version="1.0" encoding="UTF-8"?>
<!-- Generated by org.testng.reporters.JUnitReportReporter -->
<testsuite hostname="COGNINE-L165" failures="0" tests="1" name="pojo.DeserializeJacksonAPI" time="2.251" errors="0" timestamp="2024-01-09T19:14:36 IST" skipped="0">
  <testcase classname="pojo.DeserializeJacksonAPI" name="testDeserialization" time="2.251"/>
</testsuite> <!-- pojo.DeserializeJacksonAPI -->
