<?xml version="1.0" encoding="UTF-8"?>
<!-- Generated by org.testng.reporters.JUnitReportReporter -->
<testsuite hostname="COGNINE-L165" failures="0" tests="1" name="advanced.CompareTwoJSONInDiffOrder" time="0.026" errors="0" timestamp="2024-06-09T07:17:04 IST" skipped="0">
  <testcase classname="advanced.CompareTwoJSONInDiffOrder" name="testCompareJsonObjects" time="0.026"/>
</testsuite> <!-- advanced.CompareTwoJSONInDiffOrder -->
