<?xml version="1.0" encoding="UTF-8"?>
<!-- Generated by org.testng.reporters.JUnitReportReporter -->
<testsuite hostname="COGNINE-L165" failures="0" tests="4" name="encapsulation.RestAssuredTest" time="3.537" errors="0" timestamp="2024-02-13T12:10:17 IST" skipped="0">
  <testcase classname="encapsulation.RestAssuredTest" name="testAddPlace" time="0.123"/>
  <testcase classname="encapsulation.RestAssuredTest" name="testGetPlace" time="0.787"/>
  <testcase classname="encapsulation.RestAssuredTest" name="testUpdatePlace" time="1.314"/>
  <testcase classname="encapsulation.RestAssuredTest" name="testDeletePlace" time="1.313"/>
</testsuite> <!-- encapsulation.RestAssuredTest -->
