<?xml version="1.0" encoding="UTF-8"?>
<!-- Generated by org.testng.reporters.JUnitReportReporter -->
<testsuite hostname="COGNINE-L165" failures="0" tests="1" name="advanced.RetrieveAndAssertContentType" time="1.230" errors="0" timestamp="2024-05-25T07:51:57 IST" skipped="0">
  <testcase classname="advanced.RetrieveAndAssertContentType" name="retrieveAndAssertContentType" time="1.230"/>
</testsuite> <!-- advanced.RetrieveAndAssertContentType -->
