<?xml version="1.0" encoding="UTF-8"?>
<!-- Generated by org.testng.reporters.JUnitReportReporter -->
<testsuite hostname="COGNINE-L165" failures="0" tests="1" name="advanced.CompareJsonArrayUsingJsonNode" time="2.079" errors="0" timestamp="2024-06-09T07:07:12 IST" skipped="0">
  <testcase classname="advanced.CompareJsonArrayUsingJsonNode" name="testAddPlaceAndCompareJson" time="2.079"/>
</testsuite> <!-- advanced.CompareJsonArrayUsingJsonNode -->
