<?xml version="1.0" encoding="UTF-8"?>
<!-- Generated by org.testng.reporters.JUnitReportReporter -->
<testsuite hostname="COGNINE-L165" failures="0" tests="1" name="advanced.CompareJSONObject" time="0.013" errors="0" timestamp="2024-05-26T20:47:59 IST" skipped="0">
  <testcase classname="advanced.CompareJSONObject" name="testCompareJsonObjects" time="0.013"/>
</testsuite> <!-- advanced.CompareJSONObject -->
