<?xml version="1.0" encoding="UTF-8"?>
<!-- Generated by org.testng.reporters.JUnitReportReporter -->
<testsuite hostname="COGNINE-L165" failures="0" tests="1" name="advanced.NestedJSONUsingAt" time="0.188" errors="0" timestamp="2024-05-25T07:01:54 IST" skipped="0">
  <testcase classname="advanced.NestedJSONUsingAt" name="parseJsonObjectToReadValues" time="0.188"/>
</testsuite> <!-- advanced.NestedJSONUsingAt -->
