<?xml version="1.0" encoding="UTF-8"?>
<!-- Generated by org.testng.reporters.JUnitReportReporter -->
<testsuite hostname="COGNINE-L165" failures="0" tests="1" name="intermediate.CreatingJSONArrayRequestBodyUsingList" time="1.370" errors="0" timestamp="2024-01-09T19:17:09 IST" skipped="0">
  <testcase classname="intermediate.CreatingJSONArrayRequestBodyUsingList" name="createJsonArrayRequestBody" time="1.370"/>
</testsuite> <!-- intermediate.CreatingJSONArrayRequestBodyUsingList -->
