<?xml version="1.0" encoding="UTF-8"?>
<!-- Generated by org.testng.reporters.JUnitReportReporter -->
<testsuite hostname="COGNINE-L165" failures="0" tests="2" name="requestSpecification.QueryableReSpecification" time="1.212" errors="0" timestamp="2024-01-09T19:21:05 IST" skipped="0">
  <testcase classname="requestSpecification.QueryableReSpecification" name="testAddPlace" time="1.210"/>
  <testcase classname="requestSpecification.QueryableReSpecification" name="testQueryRequestSpecification" time="0.002"/>
</testsuite> <!-- requestSpecification.QueryableReSpecification -->
