<?xml version="1.0" encoding="UTF-8"?>
<!-- Generated by org.testng.reporters.JUnitReportReporter -->
<testsuite hostname="COGNINE-L165" failures="0" tests="3" name="advanced.EndtoEndDynamically" time="3.761" errors="0" timestamp="2024-05-26T08:55:26 IST" skipped="0">
  <testcase classname="advanced.EndtoEndDynamically" name="addPlace" time="1.776"/>
  <testcase classname="advanced.EndtoEndDynamically" name="deletePlace" time="0.932"/>
  <testcase classname="advanced.EndtoEndDynamically" name="updatePlace" time="1.053"/>
</testsuite> <!-- advanced.EndtoEndDynamically -->
