<?xml version="1.0" encoding="UTF-8"?>
<!-- Generated by org.testng.reporters.JUnitReportReporter -->
<testsuite hostname="COGNINE-L165" failures="0" tests="1" name="advanced.AddingANewKeyToExisting" time="0.165" errors="0" timestamp="2024-06-05T15:04:31 IST" skipped="0">
  <testcase classname="advanced.AddingANewKeyToExisting" name="quickEditToJsonObject" time="0.165"/>
</testsuite> <!-- advanced.AddingANewKeyToExisting -->
