<?xml version="1.0" encoding="UTF-8"?>
<!-- Generated by org.testng.reporters.JUnitReportReporter -->
<testsuite hostname="COGNINE-L165" failures="0" tests="4" name="encapsulation.RestAssuredTest" time="3.421" errors="0" timestamp="2024-02-02T04:03:20 IST" skipped="0">
  <testcase classname="encapsulation.RestAssuredTest" name="testAddPlace" time="0.126"/>
  <testcase classname="encapsulation.RestAssuredTest" name="testGetPlace" time="0.893"/>
  <testcase classname="encapsulation.RestAssuredTest" name="testUpdatePlace" time="1.223"/>
  <testcase classname="encapsulation.RestAssuredTest" name="testDeletePlace" time="1.179"/>
</testsuite> <!-- encapsulation.RestAssuredTest -->
