<?xml version="1.0" encoding="UTF-8"?>
<!-- Generated by org.testng.reporters.JUnitReportReporter -->
<testsuite hostname="COGNINE-L165" failures="0" tests="4" name="abstractionImplementation.RestAssuredTest" time="3.891" errors="0" timestamp="2023-11-06T12:51:10 IST" skipped="0">
  <testcase classname="abstractionImplementation.RestAssuredTest" name="testAddPlace" time="1.571"/>
  <testcase classname="abstractionImplementation.RestAssuredTest" name="testGetPlace" time="0.676"/>
  <testcase classname="abstractionImplementation.RestAssuredTest" name="testUpdatePlace" time="0.781"/>
  <testcase classname="abstractionImplementation.RestAssuredTest" name="testDeletePlace" time="0.863"/>
</testsuite> <!-- abstractionImplementation.RestAssuredTest -->
