<?xml version="1.0" encoding="UTF-8"?>
<!-- Generated by org.testng.reporters.JUnitReportReporter -->
<testsuite hostname="COGNINE-L165" failures="0" tests="1" name="nonBDDRequest.FirstGet" time="1.640" errors="0" timestamp="2024-01-10T04:39:57 IST" skipped="0">
  <testcase classname="nonBDDRequest.FirstGet" name="get_test" time="1.640"/>
</testsuite> <!-- nonBDDRequest.FirstGet -->
