<?xml version="1.0" encoding="UTF-8"?>
<!-- Generated by org.testng.reporters.JUnitReportReporter -->
<testsuite hostname="COGNINE-L165" failures="0" tests="1" name="advanced.DeserializationUsingJsonPath" time="2.249" errors="0" timestamp="2024-06-09T07:30:57 IST" skipped="0">
  <testcase classname="advanced.DeserializationUsingJsonPath" name="testDeserialization" time="2.249"/>
</testsuite> <!-- advanced.DeserializationUsingJsonPath -->
