<?xml version="1.0" encoding="UTF-8"?>
<!-- Generated by org.testng.reporters.JUnitReportReporter -->
<testsuite hostname="COGNINE-L165" failures="0" tests="1" name="advanced.RemoveTheExistingKey" time="1.429" errors="0" timestamp="2024-05-26T07:06:12 IST" skipped="0">
  <testcase classname="advanced.RemoveTheExistingKey" name="quickEditToJsonObject" time="1.429"/>
</testsuite> <!-- advanced.RemoveTheExistingKey -->
