<?xml version="1.0" encoding="UTF-8"?>
<!-- Generated by org.testng.reporters.JUnitReportReporter -->
<testsuite hostname="COGNINE-L165" failures="0" tests="1" name="advanced.UpdatingTheExistingKeyWithNewValue" time="1.544" errors="0" timestamp="2024-05-26T07:03:42 IST" skipped="0">
  <testcase classname="advanced.UpdatingTheExistingKeyWithNewValue" name="quickEditToJsonObject" time="1.544"/>
</testsuite> <!-- advanced.UpdatingTheExistingKeyWithNewValue -->
