<?xml version="1.0" encoding="UTF-8"?>
<!-- Generated by org.testng.reporters.JUnitReportReporter -->
<testsuite hostname="COGNINE-L165" failures="0" tests="4" name="abstractionImplementation.RestAssuredTest" time="5.391" errors="0" timestamp="2024-02-02T04:03:20 IST" skipped="0">
  <testcase classname="abstractionImplementation.RestAssuredTest" name="testAddPlace" time="2.212"/>
  <testcase classname="abstractionImplementation.RestAssuredTest" name="testGetPlace" time="0.733"/>
  <testcase classname="abstractionImplementation.RestAssuredTest" name="testUpdatePlace" time="1.170"/>
  <testcase classname="abstractionImplementation.RestAssuredTest" name="testDeletePlace" time="1.276"/>
</testsuite> <!-- abstractionImplementation.RestAssuredTest -->
