<?xml version="1.0" encoding="UTF-8"?>
<!-- Generated by org.testng.reporters.JUnitReportReporter -->
<testsuite hostname="COGNINE-L165" failures="0" tests="1" name="Request.PostRequest" time="1.576" errors="0" timestamp="2023-11-03T15:38:19 IST" skipped="0">
  <testcase classname="Request.PostRequest" name="testAddPlace" time="1.576"/>
</testsuite> <!-- Request.PostRequest -->
