<?xml version="1.0" encoding="UTF-8"?>
<!-- Generated by org.testng.reporters.JUnitReportReporter -->
<testsuite hostname="COGNINE-L165" failures="0" tests="1" name="intermediate.JavaObjectAsPayloadExample" time="0.167" errors="0" timestamp="2024-02-13T12:10:17 IST" skipped="0">
  <testcase classname="intermediate.JavaObjectAsPayloadExample" name="postRequestUsingJavaObjectPayload" time="0.167"/>
</testsuite> <!-- intermediate.JavaObjectAsPayloadExample -->
