<?xml version="1.0" encoding="UTF-8"?>
<!-- Generated by org.testng.reporters.JUnitReportReporter -->
<testsuite hostname="COGNINE-L165" failures="0" tests="1" name="intermediate.CreateJSONObjectUsingJacksonAPI" time="0.188" errors="0" timestamp="2024-01-10T04:52:12 IST" skipped="0">
  <testcase classname="intermediate.CreateJSONObjectUsingJacksonAPI" name="ObjectNode" time="0.188"/>
</testsuite> <!-- intermediate.CreateJSONObjectUsingJacksonAPI -->
