<?xml version="1.0" encoding="UTF-8"?>
<!-- Generated by org.testng.reporters.JUnitReportReporter -->
<testsuite hostname="COGNINE-L165" failures="0" tests="1" name="advanced.UsingJsonNodeGetPathMethods" time="0.173" errors="0" timestamp="2024-05-25T06:57:13 IST" skipped="0">
  <testcase classname="advanced.UsingJsonNodeGetPathMethods" name="parseJsonObjectToReadValues" time="0.173"/>
</testsuite> <!-- advanced.UsingJsonNodeGetPathMethods -->
