<?xml version="1.0" encoding="UTF-8"?>
<!-- Generated by org.testng.reporters.JUnitReportReporter -->
<testsuite hostname="COGNINE-L165" failures="0" tests="1" name="inheritanceImplementation.RestAssuredTest" time="3.705" errors="0" timestamp="2024-02-13T12:10:17 IST" skipped="0">
  <testcase classname="inheritanceImplementation.RestAssuredTest" name="testRestAssured" time="3.705"/>
</testsuite> <!-- inheritanceImplementation.RestAssuredTest -->
