<?xml version="1.0" encoding="UTF-8"?>
<!-- Generated by org.testng.reporters.JUnitReportReporter -->
<testsuite hostname="COGNINE-L165" failures="0" tests="1" name="advanced.RetrievingResponseHeaders" time="1.283" errors="0" timestamp="2024-05-25T07:43:07 IST" skipped="0">
  <testcase classname="advanced.RetrievingResponseHeaders" name="getAllHeadersFromResponse" time="1.283"/>
</testsuite> <!-- advanced.RetrievingResponseHeaders -->
