<?xml version="1.0" encoding="UTF-8"?>
<!-- Generated by org.testng.reporters.JUnitReportReporter -->
<testsuite hostname="COGNINE-L165" failures="0" tests="1" name="advanced.ComparePartialJSON" time="2.081" errors="0" timestamp="2024-06-09T07:16:28 IST" skipped="0">
  <testcase classname="advanced.ComparePartialJSON" name="testComparePartialJson" time="2.081"/>
</testsuite> <!-- advanced.ComparePartialJSON -->
