<?xml version="1.0" encoding="UTF-8"?>
<!-- Generated by org.testng.reporters.JUnitReportReporter -->
<testsuite hostname="COGNINE-L165" failures="0" tests="1" name="advanced.SetContentTypeForRequest" time="1.252" errors="0" timestamp="2024-05-25T07:43:56 IST" skipped="0">
  <testcase classname="advanced.SetContentTypeForRequest" name="settingContentTypeAsContentType" time="1.252"/>
</testsuite> <!-- advanced.SetContentTypeForRequest -->
