<?xml version="1.0" encoding="UTF-8"?>
<!-- Generated by org.testng.reporters.JUnitReportReporter -->
<testsuite hostname="COGNINE-L165" failures="0" tests="1" name="practice.Test" time="2.127" errors="0" timestamp="2024-01-05T12:47:59 IST" skipped="0">
  <testcase classname="practice.Test" name="PostTest" time="2.127"/>
</testsuite> <!-- practice.Test -->
