<?xml version="1.0" encoding="UTF-8"?>
<!-- Generated by org.testng.reporters.JUnitReportReporter -->
<testsuite hostname="COGNINE-L165" failures="0" tests="1" name="advanced.CompareTwoJSONDiffInValue" time="0.021" errors="0" timestamp="2024-06-09T07:16:07 IST" skipped="0">
  <testcase classname="advanced.CompareTwoJSONDiffInValue" name="testCompareJsonObjects" time="0.021"/>
</testsuite> <!-- advanced.CompareTwoJSONDiffInValue -->
