<?xml version="1.0" encoding="UTF-8"?>
<!-- Generated by org.testng.reporters.JUnitReportReporter -->
<testsuite hostname="COGNINE-L165" failures="0" tests="4" name="abstractionImplementation.RestAssuredTest" time="5.448" errors="0" timestamp="2024-02-13T12:10:17 IST" skipped="0">
  <testcase classname="abstractionImplementation.RestAssuredTest" name="testAddPlace" time="1.772"/>
  <testcase classname="abstractionImplementation.RestAssuredTest" name="testGetPlace" time="1.083"/>
  <testcase classname="abstractionImplementation.RestAssuredTest" name="testUpdatePlace" time="1.237"/>
  <testcase classname="abstractionImplementation.RestAssuredTest" name="testDeletePlace" time="1.356"/>
</testsuite> <!-- abstractionImplementation.RestAssuredTest -->
