<?xml version="1.0" encoding="UTF-8"?>
<!-- Generated by org.testng.reporters.JUnitReportReporter -->
<testsuite hostname="COGNINE-L165" failures="0" tests="1" name="intermediate.SendPaloadAsFile" time="1.122" errors="0" timestamp="2024-01-09T19:17:31 IST" skipped="0">
  <testcase classname="intermediate.SendPaloadAsFile" name="sendJsonPayload" time="1.122"/>
</testsuite> <!-- intermediate.SendPaloadAsFile -->
