<?xml version="1.0" encoding="UTF-8"?>
<!-- Generated by org.testng.reporters.JUnitReportReporter -->
<testsuite hostname="COGNINE-L165" failures="0" tests="1" name="advanced.ParseJsonArrayResponseToList" time="2.386" errors="0" timestamp="2024-06-10T12:50:46 IST" skipped="0">
  <testcase classname="advanced.ParseJsonArrayResponseToList" name="addPlaceAndGetPlace" time="2.386"/>
</testsuite> <!-- advanced.ParseJsonArrayResponseToList -->
