<?xml version="1.0" encoding="UTF-8"?>
<!-- Generated by org.testng.reporters.JUnitReportReporter -->
<testsuite hostname="COGNINE-L165" failures="0" tests="1" name="advanced.IgnoreNodeForJsonAssert" time="1.873" errors="0" timestamp="2024-06-09T07:36:11 IST" skipped="0">
  <testcase classname="advanced.IgnoreNodeForJsonAssert" name="testCompareJsonObjects" time="1.873"/>
</testsuite> <!-- advanced.IgnoreNodeForJsonAssert -->
