<?xml version="1.0" encoding="UTF-8"?>
<!-- Generated by org.testng.reporters.JUnitReportReporter -->
<testsuite hostname="COGNINE-L165" failures="0" tests="1" name="practice.Delete" time="1.959" errors="0" timestamp="2024-01-05T13:49:25 IST" skipped="0">
  <testcase classname="practice.Delete" name="deleteTest" time="1.959"/>
</testsuite> <!-- practice.Delete -->
