<?xml version="1.0" encoding="UTF-8"?>
<!-- Generated by org.testng.reporters.JUnitReportReporter -->
<testsuite hostname="COGNINE-L165" failures="0" tests="1" name="intermediate.CreatingJSONObjectRequestBodyUsingJavaMap" time="0.149" errors="0" timestamp="2024-02-02T04:03:20 IST" skipped="0">
  <testcase classname="intermediate.CreatingJSONObjectRequestBodyUsingJavaMap" name="createJsonObjectRequestBody" time="0.149"/>
</testsuite> <!-- intermediate.CreatingJSONObjectRequestBodyUsingJavaMap -->
