<?xml version="1.0" encoding="UTF-8"?>
<!-- Generated by org.testng.reporters.JUnitReportReporter -->
<testsuite hostname="COGNINE-L165" failures="0" tests="1" name="practice.PutRequest" time="1.677" errors="0" timestamp="2024-01-05T13:10:08 IST" skipped="0">
  <testcase classname="practice.PutRequest" name="putTest" time="1.677"/>
</testsuite> <!-- practice.PutRequest -->
