<?xml version="1.0" encoding="UTF-8"?>
<!-- Generated by org.testng.reporters.JUnitReportReporter -->
<testsuite hostname="COGNINE-L165" failures="0" tests="1" name="pojo.DeserializeGson" time="2.572" errors="0" timestamp="2024-01-10T06:21:19 IST" skipped="0">
  <testcase classname="pojo.DeserializeGson" name="testDeserialization" time="2.572"/>
</testsuite> <!-- pojo.DeserializeGson -->
