<?xml version="1.0" encoding="UTF-8"?>
<!-- Generated by org.testng.reporters.JUnitReportReporter -->
<testsuite hostname="COGNINE-L165" failures="0" tests="1" name="pojo.POJONestedArrayputRequest" time="1.416" errors="0" timestamp="2024-01-09T18:17:19 IST" skipped="0">
  <testcase classname="pojo.POJONestedArrayputRequest" name="testPutPlace" time="1.416"/>
</testsuite> <!-- pojo.POJONestedArrayputRequest -->
