<?xml version="1.0" encoding="UTF-8"?>
<!-- Generated by org.testng.reporters.JUnitReportReporter -->
<testsuite hostname="COGNINE-L165" failures="0" tests="3" name="advanced.EndtoEndDynamicallyITestContext" time="4.208" errors="0" timestamp="2024-06-06T16:08:50 IST" skipped="0">
  <testcase classname="advanced.EndtoEndDynamicallyITestContext" name="addPlace" time="1.845"/>
  <testcase classname="advanced.EndtoEndDynamicallyITestContext" name="deletePlace" time="1.140"/>
  <testcase classname="advanced.EndtoEndDynamicallyITestContext" name="updatePlace" time="1.223"/>
</testsuite> <!-- advanced.EndtoEndDynamicallyITestContext -->
