<?xml version="1.0" encoding="UTF-8"?>
<!-- Generated by org.testng.reporters.JUnitReportReporter -->
<testsuite hostname="COGNINE-L165" failures="0" tests="1" name="pojo.JSONIgnore" time="3.672" errors="0" timestamp="2024-01-10T15:06:54 IST" skipped="0">
  <testcase classname="pojo.JSONIgnore" name="testPutPlace" time="3.672"/>
</testsuite> <!-- pojo.JSONIgnore -->
