<?xml version="1.0" encoding="UTF-8"?>
<!-- Generated by org.testng.reporters.JUnitReportReporter -->
<testsuite hostname="COGNINE-L165" failures="0" tests="1" name="pojo.SerializationGson" time="1.385" errors="0" timestamp="2024-01-10T06:17:58 IST" skipped="0">
  <testcase classname="pojo.SerializationGson" name="testRequest" time="1.385"/>
</testsuite> <!-- pojo.SerializationGson -->
