<?xml version="1.0" encoding="UTF-8"?>
<!-- Generated by org.testng.reporters.JUnitReportReporter -->
<testsuite hostname="COGNINE-L165" failures="0" tests="1" name="intermediate.CreateArrayNode" time="2.532" errors="0" timestamp="2024-01-09T19:16:57 IST" skipped="0">
  <testcase classname="intermediate.CreateArrayNode" name="arrayNodeTest" time="2.532"/>
</testsuite> <!-- intermediate.CreateArrayNode -->
