<?xml version="1.0" encoding="UTF-8"?>
<!-- Generated by org.testng.reporters.JUnitReportReporter -->
<testsuite hostname="COGNINE-L165" failures="0" tests="4" name="requestSpecification.DefaultReqSpecification" time="3.178" errors="0" timestamp="2024-01-09T19:17:59 IST" skipped="0">
  <testcase classname="requestSpecification.DefaultReqSpecification" name="addPlace" time="0.704"/>
  <testcase classname="requestSpecification.DefaultReqSpecification" name="deletePlace" time="1.016"/>
  <testcase classname="requestSpecification.DefaultReqSpecification" name="getPlace" time="0.565"/>
  <testcase classname="requestSpecification.DefaultReqSpecification" name="updatePlace" time="0.893"/>
</testsuite> <!-- requestSpecification.DefaultReqSpecification -->
