<?xml version="1.0" encoding="UTF-8"?>
<!-- Generated by org.testng.reporters.JUnitReportReporter -->
<testsuite hostname="COGNINE-L165" failures="0" tests="1" name="advanced.UsingJsonObjectForGetPathAt" time="0.158" errors="0" timestamp="2024-05-25T07:06:03 IST" skipped="0">
  <testcase classname="advanced.UsingJsonObjectForGetPathAt" name="parseJsonObjectToReadValues" time="0.158"/>
</testsuite> <!-- advanced.UsingJsonObjectForGetPathAt -->
