<?xml version="1.0" encoding="UTF-8"?>
<!-- Generated by org.testng.reporters.JUnitReportReporter -->
<testsuite hostname="COGNINE-L165" failures="0" tests="1" name="pojo.SerializationJacksonAPI" time="1.303" errors="0" timestamp="2024-01-09T19:16:35 IST" skipped="0">
  <testcase classname="pojo.SerializationJacksonAPI" name="testRequest" time="1.303"/>
</testsuite> <!-- pojo.SerializationJacksonAPI -->
