<?xml version="1.0" encoding="UTF-8"?>
<!-- Generated by org.testng.reporters.JUnitReportReporter -->
<testsuite hostname="COGNINE-L165" failures="0" tests="1" name="advanced.WriteJSONSyntax" time="1.042" errors="0" timestamp="2024-06-06T16:10:57 IST" skipped="0">
  <testcase classname="advanced.WriteJSONSyntax" name="extractDataFromJsonRequest" time="1.042"/>
</testsuite> <!-- advanced.WriteJSONSyntax -->
