<?xml version="1.0" encoding="UTF-8"?>
<!-- Generated by org.testng.reporters.JUnitReportReporter -->
<testsuite hostname="COGNINE-L165" failures="0" tests="1" name="pojo.JSONIgnore" time="3.058" errors="0" timestamp="2024-02-02T02:20:12 IST" skipped="0">
  <testcase classname="pojo.JSONIgnore" name="testPutPlace" time="3.058"/>
</testsuite> <!-- pojo.JSONIgnore -->
