<?xml version="1.0" encoding="UTF-8"?>
<!-- Generated by org.testng.reporters.JUnitReportReporter -->
<testsuite hostname="COGNINE-L165" failures="0" tests="1" name="practice.WritingResponseInTXTFile" time="2.060" errors="0" timestamp="2024-01-08T14:10:24 IST" skipped="0">
  <testcase classname="practice.WritingResponseInTXTFile" name="txtFile" time="2.060"/>
</testsuite> <!-- practice.WritingResponseInTXTFile -->
